DEPRECATION WARNING: `secrets.secret_token` is deprecated in favor of `secret_key_base` and will be removed in Rails 6.0. (called from <top (required)> at /home/lamontano/tomatocan/config/environment.rb:7)
DEPRECATION WARNING: `secrets.secret_token` is deprecated in favor of `secret_key_base` and will be removed in Rails 6.0. (called from <top (required)> at /home/lamontano/tomatocan/config/environment.rb:7)
DEPRECATION WARNING: `secrets.secret_token` is deprecated in favor of `secret_key_base` and will be removed in Rails 6.0. (called from <top (required)> at /home/lamontano/tomatocan/config/environment.rb:7)
  [1m[35m (332.8ms)[0m  [1m[35mCREATE DATABASE "RUBY_DATABASE" ENCODING = 'unicode'[0m
  [1m[35m (0.8ms)[0m  [1m[35mCREATE DATABASE "RUBY_DATABASE" ENCODING = 'unicode'[0m
DEPRECATION WARNING: `secrets.secret_token` is deprecated in favor of `secret_key_base` and will be removed in Rails 6.0. (called from <top (required)> at /home/lamontano/tomatocan/config/environment.rb:7)
  [1m[35m (291.9ms)[0m  [1m[35mCREATE DATABASE "lamontano_tomatocanDB" ENCODING = 'unicode'[0m
  [1m[35m (0.8ms)[0m  [1m[35mCREATE DATABASE "lamontano_tomatocanDB" ENCODING = 'unicode'[0m
DEPRECATION WARNING: `secrets.secret_token` is deprecated in favor of `secret_key_base` and will be removed in Rails 6.0. (called from <top (required)> at /home/lamontano/tomatocan/config/environment.rb:7)
  [1m[35m (13.6ms)[0m  [1m[35mCREATE TABLE "schema_migrations" ("version" character varying NOT NULL PRIMARY KEY)[0m
  [1m[35m (14.8ms)[0m  [1m[35mCREATE TABLE "ar_internal_metadata" ("key" character varying NOT NULL PRIMARY KEY, "value" character varying, "created_at" timestamp NOT NULL, "updated_at" timestamp NOT NULL)[0m
  [1m[35m (1.1ms)[0m  [1m[34mSELECT pg_try_advisory_lock(7625458502128519500)[0m
  [1m[35m (0.3ms)[0m  [1m[34mSELECT "schema_migrations"."version" FROM "schema_migrations" ORDER BY "schema_migrations"."version" ASC[0m
Migrating to CreateUsers (20130319002105)
  [1m[35m (0.1ms)[0m  [1m[35mBEGIN[0m
  [1m[35m (12.1ms)[0m  [1m[35mCREATE TABLE "users" ("id" serial NOT NULL PRIMARY KEY, "name" character varying, "email" character varying, "ustreamvid" text, "ustreamsocial" character varying, "twitter" character varying, "facebook" character varying, "pinterest" character varying, "youtube" character varying, "genre1" character varying, "genre2" character varying, "genre3" character varying, "blogurl" character varying, "profilepicurl" character varying, "profilepic" character varying, "author" integer, "about" text, "password_digest" character varying, "remember_token" character varying, "created_at" timestamp, "updated_at" timestamp)[0m
  [1m[35m (4.8ms)[0m  [1m[35mCREATE  INDEX  "index_users_on_remember_token" ON "users"  ("remember_token")[0m
  [1m[36mActiveRecord::SchemaMigration Create (0.4ms)[0m  [1m[32mINSERT INTO "schema_migrations" ("version") VALUES ($1) RETURNING "version"[0m  [["version", "20130319002105"]]
  [1m[35m (2.5ms)[0m  [1m[35mCOMMIT[0m
Migrating to CreateBooks (20130319005531)
  [1m[35m (0.1ms)[0m  [1m[35mBEGIN[0m
  [1m[35m (11.2ms)[0m  [1m[35mCREATE TABLE "books" ("id" serial NOT NULL PRIMARY KEY, "title" character varying, "blurb" text, "releasedate" date, "author_id" integer, "genre" character varying, "fiftychar" character varying, "price" float, "bookpdf" character varying, "coverpic" character varying, "coverpicurl" character varying, "created_at" timestamp, "updated_at" timestamp)[0m
  [1m[36mActiveRecord::SchemaMigration Create (0.3ms)[0m  [1m[32mINSERT INTO "schema_migrations" ("version") VALUES ($1) RETURNING "version"[0m  [["version", "20130319005531"]]
  [1m[35m (2.5ms)[0m  [1m[35mCOMMIT[0m
Migrating to AddUserIdToBooks (20130329015056)
  [1m[35m (0.2ms)[0m  [1m[35mBEGIN[0m
  [1m[35m (0.3ms)[0m  [1m[35mALTER TABLE "books" ADD "user_id" integer[0m
  [1m[36mActiveRecord::SchemaMigration Create (0.2ms)[0m  [1m[32mINSERT INTO "schema_migrations" ("version") VALUES ($1) RETURNING "version"[0m  [["version", "20130329015056"]]
  [1m[35m (2.4ms)[0m  [1m[35mCOMMIT[0m
Migrating to AddDeviseToUsers (20130703205730)
  [1m[35m (0.1ms)[0m  [1m[35mBEGIN[0m
  [1m[35m (15.5ms)[0m  [1m[35mALTER TABLE "users" ADD "encrypted_password" character varying DEFAULT '' NOT NULL[0m
  [1m[35m (0.5ms)[0m  [1m[35mALTER TABLE "users" ADD "reset_password_token" character varying[0m
  [1m[35m (0.5ms)[0m  [1m[35mALTER TABLE "users" ADD "reset_password_sent_at" timestamp[0m
  [1m[35m (0.4ms)[0m  [1m[35mALTER TABLE "users" ADD "remember_created_at" timestamp[0m
  [1m[35m (14.9ms)[0m  [1m[35mALTER TABLE "users" ADD "sign_in_count" integer DEFAULT 0[0m
  [1m[35m (0.3ms)[0m  [1m[35mALTER TABLE "users" ADD "current_sign_in_at" timestamp[0m
  [1m[35m (0.2ms)[0m  [1m[35mALTER TABLE "users" ADD "last_sign_in_at" timestamp[0m
  [1m[35m (0.2ms)[0m  [1m[35mALTER TABLE "users" ADD "current_sign_in_ip" character varying[0m
  [1m[35m (0.2ms)[0m  [1m[35mALTER TABLE "users" ADD "last_sign_in_ip" character varying[0m
  [1m[35m (5.1ms)[0m  [1m[35mCREATE UNIQUE INDEX  "index_users_on_email" ON "users"  ("email")[0m
  [1m[35m (5.5ms)[0m  [1m[35mCREATE UNIQUE INDEX  "index_users_on_reset_password_token" ON "users"  ("reset_password_token")[0m
  [1m[36mActiveRecord::SchemaMigration Create (0.4ms)[0m  [1m[32mINSERT INTO "schema_migrations" ("version") VALUES ($1) RETURNING "version"[0m  [["version", "20130703205730"]]
  [1m[35m (4.9ms)[0m  [1m[35mCOMMIT[0m
Migrating to CreateReviews (20130827153556)
  [1m[35m (0.5ms)[0m  [1m[35mBEGIN[0m
  [1m[35m (14.9ms)[0m  [1m[35mCREATE TABLE "reviews" ("id" serial NOT NULL PRIMARY KEY, "blurb" text, "user_id" integer, "book_id" integer, "star" integer, "created_at" timestamp, "updated_at" timestamp)[0m
  [1m[36mActiveRecord::SchemaMigration Create (0.9ms)[0m  [1m[32mINSERT INTO "schema_migrations" ("version") VALUES ($1) RETURNING "version"[0m  [["version", "20130827153556"]]
  [1m[35m (3.0ms)[0m  [1m[35mCOMMIT[0m
Migrating to CreateRsvpqs (20130901123456)
  [1m[35m (0.8ms)[0m  [1m[35mBEGIN[0m
  [1m[35m (10.6ms)[0m  [1m[35mCREATE TABLE "rsvpqs" ("id" serial NOT NULL PRIMARY KEY, "event_id" integer, "user_id" integer, "guests" integer, "created_at" timestamp, "updated_at" timestamp)[0m
  [1m[36mActiveRecord::SchemaMigration Create (0.7ms)[0m  [1m[32mINSERT INTO "schema_migrations" ("version") VALUES ($1) RETURNING "version"[0m  [["version", "20130901123456"]]
  [1m[35m (3.2ms)[0m  [1m[35mCOMMIT[0m
Migrating to AddBookfilesToUsers (20130911002912)
  [1m[35m (0.4ms)[0m  [1m[35mBEGIN[0m
  [1m[35m (0.9ms)[0m  [1m[35mALTER TABLE "users" ADD "bookmobi" character varying[0m
  [1m[35m (0.6ms)[0m  [1m[35mALTER TABLE "users" ADD "bookepub" character varying[0m
  [1m[35m (0.6ms)[0m  [1m[35mALTER TABLE "users" ADD "bookkobo" character varying[0m
  [1m[36mActiveRecord::SchemaMigration Create (0.9ms)[0m  [1m[32mINSERT INTO "schema_migrations" ("version") VALUES ($1) RETURNING "version"[0m  [["version", "20130911002912"]]
  [1m[35m (3.5ms)[0m  [1m[35mCOMMIT[0m
Migrating to AddBookfilesToBooks (20130911045635)
  [1m[35m (0.6ms)[0m  [1m[35mBEGIN[0m
  [1m[35m (1.0ms)[0m  [1m[35mALTER TABLE "books" ADD "bookmobi" character varying[0m
  [1m[35m (0.8ms)[0m  [1m[35mALTER TABLE "books" ADD "bookepub" character varying[0m
  [1m[35m (0.6ms)[0m  [1m[35mALTER TABLE "books" ADD "bookkobo" character varying[0m
  [1m[36mActiveRecord::SchemaMigration Create (0.5ms)[0m  [1m[32mINSERT INTO "schema_migrations" ("version") VALUES ($1) RETURNING "version"[0m  [["version", "20130911045635"]]
  [1m[35m (2.8ms)[0m  [1m[35mCOMMIT[0m
Migrating to AddPermalinkToUsers (20130919999999)
  [1m[35m (0.1ms)[0m  [1m[35mBEGIN[0m
  [1m[35m (0.4ms)[0m  [1m[35mALTER TABLE "users" ADD "permalink" character varying[0m
  [1m[35m (5.3ms)[0m  [1m[35mCREATE UNIQUE INDEX  "index_users_on_permalink" ON "users"  ("permalink")[0m
  [1m[36mActiveRecord::SchemaMigration Create (0.4ms)[0m  [1m[32mINSERT INTO "schema_migrations" ("version") VALUES ($1) RETURNING "version"[0m  [["version", "20130919999999"]]
  [1m[35m (2.3ms)[0m  [1m[35mCOMMIT[0m
Migrating to CreatePurchases (20131107224808)
  [1m[35m (0.2ms)[0m  [1m[35mBEGIN[0m
  [1m[35m (14.2ms)[0m  [1m[35mCREATE TABLE "purchases" ("id" serial NOT NULL PRIMARY KEY, "author_id" integer, "book_id" integer, "stripe_customer_token" character varying, "plan_id" integer, "created_at" timestamp, "updated_at" timestamp)[0m
  [1m[36mActiveRecord::SchemaMigration Create (0.7ms)[0m  [1m[32mINSERT INTO "schema_migrations" ("version") VALUES ($1) RETURNING "version"[0m  [["version", "20131107224808"]]
  [1m[35m (2.7ms)[0m  [1m[35mCOMMIT[0m
Migrating to AddStripecardtokenuseridToPurchases (20131108144824)
  [1m[35m (0.2ms)[0m  [1m[35mBEGIN[0m
  [1m[35m (0.3ms)[0m  [1m[35mALTER TABLE "purchases" ADD "stripe_card_token" character varying[0m
  [1m[35m (0.2ms)[0m  [1m[35mALTER TABLE "purchases" ADD "user_id" integer[0m
  [1m[36mActiveRecord::SchemaMigration Create (0.3ms)[0m  [1m[32mINSERT INTO "schema_migrations" ("version") VALUES ($1) RETURNING "version"[0m  [["version", "20131108144824"]]
  [1m[35m (2.4ms)[0m  [1m[35mCOMMIT[0m
Migrating to AddBookfiletypeToPurchases (20131212171634)
  [1m[35m (0.2ms)[0m  [1m[35mBEGIN[0m
  [1m[35m (0.4ms)[0m  [1m[35mALTER TABLE "purchases" ADD "bookfiletype" character varying[0m
  [1m[36mActiveRecord::SchemaMigration Create (0.3ms)[0m  [1m[32mINSERT INTO "schema_migrations" ("version") VALUES ($1) RETURNING "version"[0m  [["version", "20131212171634"]]
  [1m[35m (2.6ms)[0m  [1m[35mCOMMIT[0m
Migrating to CreateEvents (20140702183036)
  [1m[35m (0.2ms)[0m  [1m[35mBEGIN[0m
  [1m[35m (12.9ms)[0m  [1m[35mCREATE TABLE "events" ("id" serial NOT NULL PRIMARY KEY, "name" character varying, "start_at" timestamp, "end_at" timestamp, "created_at" timestamp, "updated_at" timestamp)[0m
  [1m[36mActiveRecord::SchemaMigration Create (0.4ms)[0m  [1m[32mINSERT INTO "schema_migrations" ("version") VALUES ($1) RETURNING "version"[0m  [["version", "20140702183036"]]
  [1m[35m (2.8ms)[0m  [1m[35mCOMMIT[0m
Migrating to AddFieldsToEvents (20140704202623)
  [1m[35m (0.5ms)[0m  [1m[35mBEGIN[0m
  [1m[35m (1.2ms)[0m  [1m[35mALTER TABLE "events" ADD "desc" text[0m
  [1m[35m (0.8ms)[0m  [1m[35mALTER TABLE "events" ADD "address" character varying[0m
  [1m[35m (0.7ms)[0m  [1m[35mALTER TABLE "events" ADD "rsvp" character varying[0m
  [1m[35m (1.9ms)[0m  [1m[35mALTER TABLE "events" ADD "user_id" integer[0m
  [1m[36mActiveRecord::SchemaMigration Create (0.5ms)[0m  [1m[32mINSERT INTO "schema_migrations" ("version") VALUES ($1) RETURNING "version"[0m  [["version", "20140704202623"]]
  [1m[35m (3.1ms)[0m  [1m[35mCOMMIT[0m
Migrating to AddLatLngToEvents (20140707151104)
  [1m[35m (0.3ms)[0m  [1m[35mBEGIN[0m
  [1m[35m (0.5ms)[0m  [1m[35mALTER TABLE "events" ADD "latitude" float[0m
  [1m[35m (0.6ms)[0m  [1m[35mALTER TABLE "events" ADD "longitude" float[0m
  [1m[36mActiveRecord::SchemaMigration Create (0.8ms)[0m  [1m[32mINSERT INTO "schema_migrations" ("version") VALUES ($1) RETURNING "version"[0m  [["version", "20140707151104"]]
  [1m[35m (2.7ms)[0m  [1m[35mCOMMIT[0m
Migrating to CreateGroups (20140708193144)
  [1m[35m (0.3ms)[0m  [1m[35mBEGIN[0m
  [1m[35m (13.0ms)[0m  [1m[35mCREATE TABLE "groups" ("id" serial NOT NULL PRIMARY KEY, "name" character varying, "address" character varying, "latitude" float, "longitude" float, "user_id" integer, "about" text, "grouppic" character varying, "type" integer, "created_at" timestamp, "updated_at" timestamp)[0m
  [1m[36mActiveRecord::SchemaMigration Create (0.7ms)[0m  [1m[32mINSERT INTO "schema_migrations" ("version") VALUES ($1) RETURNING "version"[0m  [["version", "20140708193144"]]
  [1m[35m (2.8ms)[0m  [1m[35mCOMMIT[0m
Migrating to AddGeoToUsers (20140709011126)
  [1m[35m (0.2ms)[0m  [1m[35mBEGIN[0m
  [1m[35m (0.5ms)[0m  [1m[35mALTER TABLE "users" ADD "address" character varying[0m
  [1m[35m (0.5ms)[0m  [1m[35mALTER TABLE "users" ADD "latitude" float[0m
  [1m[35m (0.6ms)[0m  [1m[35mALTER TABLE "users" ADD "longitude" float[0m
  [1m[36mActiveRecord::SchemaMigration Create (0.6ms)[0m  [1m[32mINSERT INTO "schema_migrations" ("version") VALUES ($1) RETURNING "version"[0m  [["version", "20140709011126"]]
  [1m[35m (2.6ms)[0m  [1m[35mCOMMIT[0m
Migrating to AddAudioToBooks (20140709114307)
  [1m[35m (0.3ms)[0m  [1m[35mBEGIN[0m
  [1m[35m (0.6ms)[0m  [1m[35mALTER TABLE "books" ADD "bookaudio" character varying[0m
  [1m[36mActiveRecord::SchemaMigration Create (0.5ms)[0m  [1m[32mINSERT INTO "schema_migrations" ("version") VALUES ($1) RETURNING "version"[0m  [["version", "20140709114307"]]
  [1m[35m (2.5ms)[0m  [1m[35mCOMMIT[0m
Migrating to AddGrouptypeToGroup (20140709193756)
  [1m[35m (0.1ms)[0m  [1m[35mBEGIN[0m
  [1m[35m (0.3ms)[0m  [1m[35mALTER TABLE "groups" ADD "grouptype" integer[0m
  [1m[36mActiveRecord::SchemaMigration Create (0.2ms)[0m  [1m[32mINSERT INTO "schema_migrations" ("version") VALUES ($1) RETURNING "version"[0m  [["version", "20140709193756"]]
  [1m[35m (2.5ms)[0m  [1m[35mCOMMIT[0m
Migrating to RemoveTypeFromGroups (20140917005426)
  [1m[35m (0.4ms)[0m  [1m[35mBEGIN[0m
  [1m[35m (0.6ms)[0m  [1m[35mALTER TABLE "groups" DROP COLUMN "type"[0m
  [1m[36mActiveRecord::SchemaMigration Create (0.5ms)[0m  [1m[32mINSERT INTO "schema_migrations" ("version") VALUES ($1) RETURNING "version"[0m  [["version", "20140917005426"]]
  [1m[35m (2.8ms)[0m  [1m[35mCOMMIT[0m
Migrating to AddPermalinkToGroups (20141014161635)
  [1m[35m (0.2ms)[0m  [1m[35mBEGIN[0m
  [1m[35m (0.9ms)[0m  [1m[35mALTER TABLE "groups" ADD "permalink" character varying[0m
  [1m[36mActiveRecord::SchemaMigration Create (0.4ms)[0m  [1m[32mINSERT INTO "schema_migrations" ("version") VALUES ($1) RETURNING "version"[0m  [["version", "20141014161635"]]
  [1m[35m (2.5ms)[0m  [1m[35mCOMMIT[0m
Migrating to CreateFriendlyIdSlugs (20141015171700)
  [1m[35m (0.3ms)[0m  [1m[35mBEGIN[0m
  [1m[35m (10.6ms)[0m  [1m[35mCREATE TABLE "friendly_id_slugs" ("id" serial NOT NULL PRIMARY KEY, "slug" character varying NOT NULL, "sluggable_id" integer NOT NULL, "sluggable_type" character varying(50), "scope" character varying, "created_at" timestamp)[0m
  [1m[35m (4.7ms)[0m  [1m[35mCREATE  INDEX  "index_friendly_id_slugs_on_sluggable_id" ON "friendly_id_slugs"  ("sluggable_id")[0m
  [1m[35m (5.1ms)[0m  [1m[35mCREATE  INDEX  "index_friendly_id_slugs_on_slug_and_sluggable_type" ON "friendly_id_slugs"  ("slug", "sluggable_type")[0m
  [1m[35m (5.0ms)[0m  [1m[35mCREATE UNIQUE INDEX  "index_friendly_id_slugs_on_slug_and_sluggable_type_and_scope" ON "friendly_id_slugs"  ("slug", "sluggable_type", "scope")[0m
  [1m[35m (5.3ms)[0m  [1m[35mCREATE  INDEX  "index_friendly_id_slugs_on_sluggable_type" ON "friendly_id_slugs"  ("sluggable_type")[0m
  [1m[36mActiveRecord::SchemaMigration Create (0.4ms)[0m  [1m[32mINSERT INTO "schema_migrations" ("version") VALUES ($1) RETURNING "version"[0m  [["version", "20141015171700"]]
  [1m[35m (2.5ms)[0m  [1m[35mCOMMIT[0m
Migrating to AddSlugToGroups (20141015172122)
  [1m[35m (0.3ms)[0m  [1m[35mBEGIN[0m
  [1m[35m (0.3ms)[0m  [1m[35mALTER TABLE "groups" ADD "slug" character varying[0m
  [1m[35m (5.1ms)[0m  [1m[35mCREATE UNIQUE INDEX  "index_groups_on_slug" ON "groups"  ("slug")[0m
  [1m[36mActiveRecord::SchemaMigration Create (0.5ms)[0m  [1m[32mINSERT INTO "schema_migrations" ("version") VALUES ($1) RETURNING "version"[0m  [["version", "20141015172122"]]
  [1m[35m (2.9ms)[0m  [1m[35mCOMMIT[0m
Migrating to AddSlugToUsers (20141015182053)
  [1m[35m (0.5ms)[0m  [1m[35mBEGIN[0m
  [1m[35m (1.1ms)[0m  [1m[35mALTER TABLE "users" ADD "slug" character varying[0m
  [1m[35m (6.6ms)[0m  [1m[35mCREATE UNIQUE INDEX  "index_users_on_slug" ON "users"  ("slug")[0m
  [1m[36mActiveRecord::SchemaMigration Create (0.8ms)[0m  [1m[32mINSERT INTO "schema_migrations" ("version") VALUES ($1) RETURNING "version"[0m  [["version", "20141015182053"]]
  [1m[35m (2.7ms)[0m  [1m[35mCOMMIT[0m
Migrating to AddGroupidsToEvents (20141018013323)
  [1m[35m (0.3ms)[0m  [1m[35mBEGIN[0m
  [1m[35m (0.7ms)[0m  [1m[35mALTER TABLE "events" ADD "group1id" integer[0m
  [1m[35m (0.9ms)[0m  [1m[35mALTER TABLE "events" ADD "group2id" integer[0m
  [1m[35m (0.9ms)[0m  [1m[35mALTER TABLE "events" ADD "group3id" integer[0m
  [1m[36mActiveRecord::SchemaMigration Create (0.9ms)[0m  [1m[32mINSERT INTO "schema_migrations" ("version") VALUES ($1) RETURNING "version"[0m  [["version", "20141018013323"]]
  [1m[35m (2.9ms)[0m  [1m[35mCOMMIT[0m
Migrating to AddNewsfeedsToGroups (20141020175546)
  [1m[35m (0.5ms)[0m  [1m[35mBEGIN[0m
  [1m[35m (0.6ms)[0m  [1m[35mALTER TABLE "groups" ADD "newsurl" character varying[0m
  [1m[35m (0.4ms)[0m  [1m[35mALTER TABLE "groups" ADD "twitter" character varying[0m
  [1m[35m (0.3ms)[0m  [1m[35mALTER TABLE "groups" ADD "facebook" character varying[0m
  [1m[36mActiveRecord::SchemaMigration Create (0.3ms)[0m  [1m[32mINSERT INTO "schema_migrations" ("version") VALUES ($1) RETURNING "version"[0m  [["version", "20141020175546"]]
  [1m[35m (2.4ms)[0m  [1m[35mCOMMIT[0m
Migrating to ChangeUstreamsocialFormatInUsers (20150102232527)
  [1m[35m (0.3ms)[0m  [1m[35mBEGIN[0m
  [1m[35m (0.6ms)[0m  [1m[35mALTER TABLE "users" ALTER COLUMN "ustreamsocial" TYPE text[0m
  [1m[36mActiveRecord::SchemaMigration Create (0.4ms)[0m  [1m[32mINSERT INTO "schema_migrations" ("version") VALUES ($1) RETURNING "version"[0m  [["version", "20150102232527"]]
  [1m[35m (2.3ms)[0m  [1m[35mCOMMIT[0m
Migrating to AddYoutubeToUsers (20150113175405)
  [1m[35m (0.2ms)[0m  [1m[35mBEGIN[0m
  [1m[35m (0.5ms)[0m  [1m[35mALTER TABLE "users" ADD "youtube1" text[0m
  [1m[35m (0.3ms)[0m  [1m[35mALTER TABLE "users" ADD "youtube2" text[0m
  [1m[35m (0.3ms)[0m  [1m[35mALTER TABLE "users" ADD "youtube3" text[0m
  [1m[36mActiveRecord::SchemaMigration Create (0.3ms)[0m  [1m[32mINSERT INTO "schema_migrations" ("version") VALUES ($1) RETURNING "version"[0m  [["version", "20150113175405"]]
  [1m[35m (2.5ms)[0m  [1m[35mCOMMIT[0m
Migrating to AddYoutubeToBooks (20150114174148)
  [1m[35m (0.2ms)[0m  [1m[35mBEGIN[0m
  [1m[35m (0.5ms)[0m  [1m[35mALTER TABLE "books" ADD "youtube1" text[0m
  [1m[35m (0.3ms)[0m  [1m[35mALTER TABLE "books" ADD "youtube2" text[0m
  [1m[36mActiveRecord::SchemaMigration Create (0.3ms)[0m  [1m[32mINSERT INTO "schema_migrations" ("version") VALUES ($1) RETURNING "version"[0m  [["version", "20150114174148"]]
  [1m[35m (2.2ms)[0m  [1m[35mCOMMIT[0m
Migrating to RemoveRsvpFromEvent (20150203031310)
  [1m[35m (0.1ms)[0m  [1m[35mBEGIN[0m
  [1m[35m (0.5ms)[0m  [1m[35mALTER TABLE "events" DROP COLUMN "rsvp"[0m
  [1m[36mActiveRecord::SchemaMigration Create (0.5ms)[0m  [1m[32mINSERT INTO "schema_migrations" ("version") VALUES ($1) RETURNING "version"[0m  [["version", "20150203031310"]]
  [1m[35m (2.5ms)[0m  [1m[35mCOMMIT[0m
Migrating to AddUsridToEvents (20150203045443)
  [1m[35m (0.3ms)[0m  [1m[35mBEGIN[0m
  [1m[35m (0.6ms)[0m  [1m[35mALTER TABLE "events" ADD "usrid" integer[0m
  [1m[36mActiveRecord::SchemaMigration Create (0.5ms)[0m  [1m[32mINSERT INTO "schema_migrations" ("version") VALUES ($1) RETURNING "version"[0m  [["version", "20150203045443"]]
  [1m[35m (2.5ms)[0m  [1m[35mCOMMIT[0m
Migrating to AddYouTubeDescToUsers (20150212204024)
  [1m[35m (0.2ms)[0m  [1m[35mBEGIN[0m
  [1m[35m (0.5ms)[0m  [1m[35mALTER TABLE "users" ADD "videodesc1" character varying[0m
  [1m[35m (0.4ms)[0m  [1m[35mALTER TABLE "users" ADD "videodesc2" character varying[0m
  [1m[35m (0.3ms)[0m  [1m[35mALTER TABLE "users" ADD "videodesc3" character varying[0m
  [1m[36mActiveRecord::SchemaMigration Create (0.3ms)[0m  [1m[32mINSERT INTO "schema_migrations" ("version") VALUES ($1) RETURNING "version"[0m  [["version", "20150212204024"]]
  [1m[35m (2.3ms)[0m  [1m[35mCOMMIT[0m
Migrating to AddYouTubeDescToBooks (20150212204130)
  [1m[35m (0.2ms)[0m  [1m[35mBEGIN[0m
  [1m[35m (0.4ms)[0m  [1m[35mALTER TABLE "books" ADD "videodesc1" character varying[0m
  [1m[35m (0.3ms)[0m  [1m[35mALTER TABLE "books" ADD "videodesc2" character varying[0m
  [1m[35m (0.3ms)[0m  [1m[35mALTER TABLE "books" ADD "videodesc3" character varying[0m
  [1m[36mActiveRecord::SchemaMigration Create (0.3ms)[0m  [1m[32mINSERT INTO "schema_migrations" ("version") VALUES ($1) RETURNING "version"[0m  [["version", "20150212204130"]]
  [1m[35m (2.4ms)[0m  [1m[35mCOMMIT[0m
Migrating to AddVideoDescToBooks (20150213060706)
  [1m[35m (0.2ms)[0m  [1m[35mBEGIN[0m
  [1m[35m (0.5ms)[0m  [1m[35mALTER TABLE "books" ADD "bkvideodesc1" character varying[0m
  [1m[35m (0.3ms)[0m  [1m[35mALTER TABLE "books" ADD "bkvideodesc2" character varying[0m
  [1m[36mActiveRecord::SchemaMigration Create (0.3ms)[0m  [1m[32mINSERT INTO "schema_migrations" ("version") VALUES ($1) RETURNING "version"[0m  [["version", "20150213060706"]]
  [1m[35m (2.5ms)[0m  [1m[35mCOMMIT[0m
Migrating to AddBlogradioToUsers (20150519233027)
  [1m[35m (0.2ms)[0m  [1m[35mBEGIN[0m
  [1m[35m (0.6ms)[0m  [1m[35mALTER TABLE "users" ADD "blogradio" character varying[0m
  [1m[36mActiveRecord::SchemaMigration Create (0.6ms)[0m  [1m[32mINSERT INTO "schema_migrations" ("version") VALUES ($1) RETURNING "version"[0m  [["version", "20150519233027"]]
  [1m[35m (2.7ms)[0m  [1m[35mCOMMIT[0m
Migrating to AddBlogtalkradioToUsers (20150519235541)
  [1m[35m (0.3ms)[0m  [1m[35mBEGIN[0m
  [1m[35m (0.6ms)[0m  [1m[35mALTER TABLE "users" ADD "blogtalkradio" text[0m
  [1m[36mActiveRecord::SchemaMigration Create (0.5ms)[0m  [1m[32mINSERT INTO "schema_migrations" ("version") VALUES ($1) RETURNING "version"[0m  [["version", "20150519235541"]]
  [1m[35m (2.5ms)[0m  [1m[35mCOMMIT[0m
Migrating to AddPriceToPurchases (20150626191919)
  [1m[35m (0.2ms)[0m  [1m[35mBEGIN[0m
  [1m[35m (0.4ms)[0m  [1m[35mALTER TABLE "purchases" ADD "pricesold" float[0m
  [1m[36mActiveRecord::SchemaMigration Create (0.4ms)[0m  [1m[32mINSERT INTO "schema_migrations" ("version") VALUES ($1) RETURNING "version"[0m  [["version", "20150626191919"]]
  [1m[35m (2.6ms)[0m  [1m[35mCOMMIT[0m
Migrating to AddStripeidToUser (20150810182454)
  [1m[35m (0.2ms)[0m  [1m[35mBEGIN[0m
  [1m[35m (0.5ms)[0m  [1m[35mALTER TABLE "users" ADD "stripeid" character varying[0m
  [1m[36mActiveRecord::SchemaMigration Create (0.4ms)[0m  [1m[32mINSERT INTO "schema_migrations" ("version") VALUES ($1) RETURNING "version"[0m  [["version", "20150810182454"]]
  [1m[35m (2.6ms)[0m  [1m[35mCOMMIT[0m
Migrating to AddTokenToUsers (20150831182745)
  [1m[35m (0.2ms)[0m  [1m[35mBEGIN[0m
  [1m[35m (0.5ms)[0m  [1m[35mALTER TABLE "users" ADD "stripe_customer_token" character varying[0m
  [1m[35m (0.4ms)[0m  [1m[35mALTER TABLE "users" ADD "stripe" character varying[0m
  [1m[36mActiveRecord::SchemaMigration Create (0.4ms)[0m  [1m[32mINSERT INTO "schema_migrations" ("version") VALUES ($1) RETURNING "version"[0m  [["version", "20150831182745"]]
  [1m[35m (2.4ms)[0m  [1m[35mCOMMIT[0m
Migrating to AddAuthorcutToPurchases (20160331182727)
  [1m[35m (0.2ms)[0m  [1m[35mBEGIN[0m
  [1m[35m (0.4ms)[0m  [1m[35mALTER TABLE "purchases" ADD "authorcut" decimal(8,2)[0m
  [1m[36mActiveRecord::SchemaMigration Create (0.4ms)[0m  [1m[32mINSERT INTO "schema_migrations" ("version") VALUES ($1) RETURNING "version"[0m  [["version", "20160331182727"]]
  [1m[35m (2.5ms)[0m  [1m[35mCOMMIT[0m
Migrating to AddPaidToPurchases (20160331212341)
  [1m[35m (0.4ms)[0m  [1m[35mBEGIN[0m
  [1m[35m (0.7ms)[0m  [1m[35mALTER TABLE "purchases" ADD "paid" date[0m
  [1m[36mActiveRecord::SchemaMigration Create (0.5ms)[0m  [1m[32mINSERT INTO "schema_migrations" ("version") VALUES ($1) RETURNING "version"[0m  [["version", "20160331212341"]]
  [1m[35m (2.3ms)[0m  [1m[35mCOMMIT[0m
Migrating to RemoveStripeFromUsers (20160401172417)
  [1m[35m (0.3ms)[0m  [1m[35mBEGIN[0m
  [1m[35m (0.6ms)[0m  [1m[35mALTER TABLE "users" DROP COLUMN "stripe"[0m
  [1m[36mActiveRecord::SchemaMigration Create (0.4ms)[0m  [1m[32mINSERT INTO "schema_migrations" ("version") VALUES ($1) RETURNING "version"[0m  [["version", "20160401172417"]]
  [1m[35m (2.4ms)[0m  [1m[35mCOMMIT[0m
Migrating to AddStripesignupToUsers (20160413201924)
  [1m[35m (0.2ms)[0m  [1m[35mBEGIN[0m
  [1m[35m (0.4ms)[0m  [1m[35mALTER TABLE "users" ADD "stripesignup" timestamp[0m
  [1m[36mActiveRecord::SchemaMigration Create (0.4ms)[0m  [1m[32mINSERT INTO "schema_migrations" ("version") VALUES ($1) RETURNING "version"[0m  [["version", "20160413201924"]]
  [1m[35m (2.4ms)[0m  [1m[35mCOMMIT[0m
Migrating to CreateProjects (20160722183453)
  [1m[35m (0.2ms)[0m  [1m[35mBEGIN[0m
  [1m[35m (11.2ms)[0m  [1m[35mCREATE TABLE "projects" ("id" serial NOT NULL PRIMARY KEY, "name" character varying, "user_id" integer, "mission" text, "projectpic" character varying, "created_at" timestamp, "updated_at" timestamp)[0m
  [1m[36mActiveRecord::SchemaMigration Create (0.5ms)[0m  [1m[32mINSERT INTO "schema_migrations" ("version") VALUES ($1) RETURNING "version"[0m  [["version", "20160722183453"]]
  [1m[35m (2.7ms)[0m  [1m[35mCOMMIT[0m
Migrating to CreateMerchandises (20160722183540)
  [1m[35m (0.3ms)[0m  [1m[35mBEGIN[0m
  [1m[35m (11.9ms)[0m  [1m[35mCREATE TABLE "merchandises" ("id" serial NOT NULL PRIMARY KEY, "name" character varying, "user_id" integer, "price" float, "desc" text, "itempic" character varying, "created_at" timestamp, "updated_at" timestamp)[0m
  [1m[36mActiveRecord::SchemaMigration Create (0.4ms)[0m  [1m[32mINSERT INTO "schema_migrations" ("version") VALUES ($1) RETURNING "version"[0m  [["version", "20160722183540"]]
  [1m[35m (2.7ms)[0m  [1m[35mCOMMIT[0m
Migrating to RemoveVideodescFromBooks (20160722191950)
  [1m[35m (0.3ms)[0m  [1m[35mBEGIN[0m
  [1m[35m (0.5ms)[0m  [1m[35mALTER TABLE "books" DROP COLUMN "videodesc1"[0m
  [1m[35m (0.3ms)[0m  [1m[35mALTER TABLE "books" DROP COLUMN "videodesc2"[0m
  [1m[35m (0.3ms)[0m  [1m[35mALTER TABLE "books" DROP COLUMN "videodesc3"[0m
  [1m[36mActiveRecord::SchemaMigration Create (0.2ms)[0m  [1m[32mINSERT INTO "schema_migrations" ("version") VALUES ($1) RETURNING "version"[0m  [["version", "20160722191950"]]
  [1m[35m (2.3ms)[0m  [1m[35mCOMMIT[0m
Migrating to AddPermalinkToProjects (20160722202310)
  [1m[35m (0.3ms)[0m  [1m[35mBEGIN[0m
  [1m[35m (0.8ms)[0m  [1m[35mALTER TABLE "projects" ADD "permalink" character varying[0m
  [1m[36mActiveRecord::SchemaMigration Create (0.6ms)[0m  [1m[32mINSERT INTO "schema_migrations" ("version") VALUES ($1) RETURNING "version"[0m  [["version", "20160722202310"]]
  [1m[35m (2.5ms)[0m  [1m[35mCOMMIT[0m
Migrating to AddSlugToProjects (20160722204330)
  [1m[35m (0.2ms)[0m  [1m[35mBEGIN[0m
  [1m[35m (0.5ms)[0m  [1m[35mALTER TABLE "projects" ADD "slug" character varying[0m
  [1m[35m (5.4ms)[0m  [1m[35mCREATE UNIQUE INDEX  "index_projects_on_slug" ON "projects"  ("slug")[0m
  [1m[36mActiveRecord::SchemaMigration Create (0.4ms)[0m  [1m[32mINSERT INTO "schema_migrations" ("version") VALUES ($1) RETURNING "version"[0m  [["version", "20160722204330"]]
  [1m[35m (2.8ms)[0m  [1m[35mCOMMIT[0m
Migrating to AddProjToMerchandises (20160726003315)
  [1m[35m (0.2ms)[0m  [1m[35mBEGIN[0m
  [1m[35m (0.4ms)[0m  [1m[35mALTER TABLE "merchandises" ADD "project_id" integer[0m
  [1m[35m (0.3ms)[0m  [1m[35mALTER TABLE "merchandises" ADD "deadline" timestamp[0m
  [1m[35m (0.2ms)[0m  [1m[35mALTER TABLE "merchandises" ADD "goal" float[0m
  [1m[36mActiveRecord::SchemaMigration Create (0.3ms)[0m  [1m[32mINSERT INTO "schema_migrations" ("version") VALUES ($1) RETURNING "version"[0m  [["version", "20160726003315"]]
  [1m[35m (2.7ms)[0m  [1m[35mCOMMIT[0m
Migrating to AddMerchIdToPurchases (20160726202300)
  [1m[35m (0.2ms)[0m  [1m[35mBEGIN[0m
  [1m[35m (0.4ms)[0m  [1m[35mALTER TABLE "purchases" ADD "merchandise_id" integer[0m
  [1m[36mActiveRecord::SchemaMigration Create (0.4ms)[0m  [1m[32mINSERT INTO "schema_migrations" ("version") VALUES ($1) RETURNING "version"[0m  [["version", "20160726202300"]]
  [1m[35m (2.9ms)[0m  [1m[35mCOMMIT[0m
Migrating to CreateAgreements (20160727182101)
  [1m[35m (0.4ms)[0m  [1m[35mBEGIN[0m
  [1m[35m (7.2ms)[0m  [1m[35mCREATE TABLE "agreements" ("id" serial NOT NULL PRIMARY KEY, "project_id" integer, "group_id" integer, "created_at" timestamp, "updated_at" timestamp)[0m
  [1m[36mActiveRecord::SchemaMigration Create (0.3ms)[0m  [1m[32mINSERT INTO "schema_migrations" ("version") VALUES ($1) RETURNING "version"[0m  [["version", "20160727182101"]]
  [1m[35m (2.4ms)[0m  [1m[35mCOMMIT[0m
Migrating to AddDeadlineToProjects (20160728003236)
  [1m[35m (0.3ms)[0m  [1m[35mBEGIN[0m
  [1m[35m (0.5ms)[0m  [1m[35mALTER TABLE "projects" ADD "deadline" timestamp[0m
  [1m[36mActiveRecord::SchemaMigration Create (0.4ms)[0m  [1m[32mINSERT INTO "schema_migrations" ("version") VALUES ($1) RETURNING "version"[0m  [["version", "20160728003236"]]
  [1m[35m (2.4ms)[0m  [1m[35mCOMMIT[0m
Migrating to AddCallactionToGroups (20160729234618)
  [1m[35m (0.2ms)[0m  [1m[35mBEGIN[0m
  [1m[35m (0.5ms)[0m  [1m[35mALTER TABLE "groups" ADD "callaction" text[0m
  [1m[36mActiveRecord::SchemaMigration Create (0.3ms)[0m  [1m[32mINSERT INTO "schema_migrations" ("version") VALUES ($1) RETURNING "version"[0m  [["version", "20160729234618"]]
  [1m[35m (2.5ms)[0m  [1m[35mCOMMIT[0m
Migrating to AddGroupToPurchases (20170727040423)
  [1m[35m (0.2ms)[0m  [1m[35mBEGIN[0m
  [1m[35m (0.8ms)[0m  [1m[35mALTER TABLE "purchases" ADD "group_id" integer[0m
  [1m[35m (0.6ms)[0m  [1m[35mALTER TABLE "purchases" ADD "groupcut" decimal(8,2)[0m
  [1m[36mActiveRecord::SchemaMigration Create (0.5ms)[0m  [1m[32mINSERT INTO "schema_migrations" ("version") VALUES ($1) RETURNING "version"[0m  [["version", "20170727040423"]]
  [1m[35m (2.4ms)[0m  [1m[35mCOMMIT[0m
Migrating to AddShippingToPurchases (20170807221504)
  [1m[35m (0.3ms)[0m  [1m[35mBEGIN[0m
  [1m[35m (0.5ms)[0m  [1m[35mALTER TABLE "purchases" ADD "shipaddress" character varying[0m
  [1m[35m (0.4ms)[0m  [1m[35mALTER TABLE "purchases" ADD "fulfillstatus" character varying[0m
  [1m[36mActiveRecord::SchemaMigration Create (0.4ms)[0m  [1m[32mINSERT INTO "schema_migrations" ("version") VALUES ($1) RETURNING "version"[0m  [["version", "20170807221504"]]
  [1m[35m (2.3ms)[0m  [1m[35mCOMMIT[0m
Migrating to AddStripeToGroups (20170808041311)
  [1m[35m (0.2ms)[0m  [1m[35mBEGIN[0m
  [1m[35m (0.5ms)[0m  [1m[35mALTER TABLE "groups" ADD "stripeid" character varying[0m
  [1m[35m (0.4ms)[0m  [1m[35mALTER TABLE "groups" ADD "stripe_customer_token" character varying[0m
  [1m[35m (0.3ms)[0m  [1m[35mALTER TABLE "groups" ADD "stripesignup" timestamp[0m
  [1m[36mActiveRecord::SchemaMigration Create (0.4ms)[0m  [1m[32mINSERT INTO "schema_migrations" ("version") VALUES ($1) RETURNING "version"[0m  [["version", "20170808041311"]]
  [1m[35m (2.6ms)[0m  [1m[35mCOMMIT[0m
Migrating to AddApprovedToAgreements (20170824041311)
  [1m[35m (0.2ms)[0m  [1m[35mBEGIN[0m
  [1m[35m (0.5ms)[0m  [1m[35mALTER TABLE "agreements" ADD "approved" timestamp[0m
  [1m[36mActiveRecord::SchemaMigration Create (0.4ms)[0m  [1m[32mINSERT INTO "schema_migrations" ("version") VALUES ($1) RETURNING "version"[0m  [["version", "20170824041311"]]
  [1m[35m (4.8ms)[0m  [1m[35mCOMMIT[0m
Migrating to AddYoutubeToMerchandises (20171003004455)
  [1m[35m (0.3ms)[0m  [1m[35mBEGIN[0m
  [1m[35m (0.6ms)[0m  [1m[35mALTER TABLE "merchandises" ADD "youtube" character varying[0m
  [1m[36mActiveRecord::SchemaMigration Create (0.5ms)[0m  [1m[32mINSERT INTO "schema_migrations" ("version") VALUES ($1) RETURNING "version"[0m  [["version", "20171003004455"]]
  [1m[35m (2.9ms)[0m  [1m[35mCOMMIT[0m
Migrating to ChangeGroupTypeToString (20171003004459)
  [1m[35m (0.3ms)[0m  [1m[35mBEGIN[0m
  [1m[35m (19.3ms)[0m  [1m[35mALTER TABLE "groups" ALTER COLUMN "grouptype" TYPE character varying[0m
  [1m[36mActiveRecord::SchemaMigration Create (1.2ms)[0m  [1m[32mINSERT INTO "schema_migrations" ("version") VALUES ($1) RETURNING "version"[0m  [["version", "20171003004459"]]
  [1m[35m (4.4ms)[0m  [1m[35mCOMMIT[0m
Migrating to ChangeUserTypeToString (20171003004499)
  [1m[35m (0.6ms)[0m  [1m[35mBEGIN[0m
  [1m[35m (44.1ms)[0m  [1m[35mALTER TABLE "users" ALTER COLUMN "author" TYPE character varying[0m
  [1m[36mActiveRecord::SchemaMigration Create (0.6ms)[0m  [1m[32mINSERT INTO "schema_migrations" ("version") VALUES ($1) RETURNING "version"[0m  [["version", "20171003004499"]]
  [1m[35m (4.9ms)[0m  [1m[35mCOMMIT[0m
Migrating to RenameProjectsToPhases (20171003004999)
  [1m[35m (0.7ms)[0m  [1m[35mBEGIN[0m
  [1m[35m (0.9ms)[0m  [1m[35mALTER TABLE "projects" RENAME TO "phases"[0m
  [1m[35m (0.7ms)[0m  [1m[35mALTER INDEX "projects_pkey" RENAME TO "phases_pkey"[0m
  [1m[35m (0.6ms)[0m  [1m[35mALTER TABLE "public"."projects_id_seq" RENAME TO "phases_id_seq"[0m
  [1m[35m (0.6ms)[0m  [1m[35mALTER INDEX "index_projects_on_slug" RENAME TO "index_phases_on_slug"[0m
  [1m[36mActiveRecord::SchemaMigration Create (0.6ms)[0m  [1m[32mINSERT INTO "schema_migrations" ("version") VALUES ($1) RETURNING "version"[0m  [["version", "20171003004999"]]
  [1m[35m (2.6ms)[0m  [1m[35mCOMMIT[0m
Migrating to ChangeAgreementProjidToPhaseid (20171003005999)
  [1m[35m (0.3ms)[0m  [1m[35mBEGIN[0m
  [1m[35m (0.7ms)[0m  [1m[35mALTER TABLE "agreements" RENAME COLUMN "project_id" TO "phase_id"[0m
  [1m[35m (1.4ms)[0m  [1m[35mALTER TABLE "merchandises" RENAME COLUMN "project_id" TO "phase_id"[0m
  [1m[35m (0.9ms)[0m  [1m[35mALTER TABLE "phases" RENAME COLUMN "projectpic" TO "phasepic"[0m
  [1m[36mActiveRecord::SchemaMigration Create (0.6ms)[0m  [1m[32mINSERT INTO "schema_migrations" ("version") VALUES ($1) RETURNING "version"[0m  [["version", "20171003005999"]]
  [1m[35m (2.9ms)[0m  [1m[35mCOMMIT[0m
Migrating to AddBannerpicToUsers (20171207201913)
  [1m[35m (0.3ms)[0m  [1m[35mBEGIN[0m
  [1m[35m (0.9ms)[0m  [1m[35mALTER TABLE "users" ADD "bannerpic" character varying[0m
  [1m[36mActiveRecord::SchemaMigration Create (0.6ms)[0m  [1m[32mINSERT INTO "schema_migrations" ("version") VALUES ($1) RETURNING "version"[0m  [["version", "20171207201913"]]
  [1m[35m (2.5ms)[0m  [1m[35mCOMMIT[0m
Migrating to CreateMovies (20180207055147)
  [1m[35m (0.6ms)[0m  [1m[35mBEGIN[0m
  [1m[35m (17.1ms)[0m  [1m[35mCREATE TABLE "movies" ("id" bigserial primary key, "title" character varying, "about" text, "youtube1" character varying, "youtube2" character varying, "youtube3" character varying, "videodesc1" character varying, "videodesc2" character varying, "videodesc3" character varying, "moviepic" character varying, "genre" character varying, "price" float, "created_at" timestamp NOT NULL, "updated_at" timestamp NOT NULL)[0m
  [1m[36mActiveRecord::SchemaMigration Create (0.7ms)[0m  [1m[32mINSERT INTO "schema_migrations" ("version") VALUES ($1) RETURNING "version"[0m  [["version", "20180207055147"]]
  [1m[35m (2.6ms)[0m  [1m[35mCOMMIT[0m
Migrating to AddUserIdToMovie (20180207060729)
  [1m[35m (0.7ms)[0m  [1m[35mBEGIN[0m
  [1m[35m (1.5ms)[0m  [1m[35mALTER TABLE "movies" ADD "user_id" integer[0m
  [1m[35m (3.4ms)[0m  [1m[35mALTER TABLE "movies" ADD "director" character varying[0m
  [1m[36mActiveRecord::SchemaMigration Create (0.9ms)[0m  [1m[32mINSERT INTO "schema_migrations" ("version") VALUES ($1) RETURNING "version"[0m  [["version", "20180207060729"]]
  [1m[35m (2.9ms)[0m  [1m[35mCOMMIT[0m
Migrating to AddReleasedateToMovies (20180207212824)
  [1m[35m (0.3ms)[0m  [1m[35mBEGIN[0m
  [1m[35m (2.5ms)[0m  [1m[35mALTER TABLE "movies" ADD "releasedate" date[0m
  [1m[36mActiveRecord::SchemaMigration Create (0.5ms)[0m  [1m[32mINSERT INTO "schema_migrations" ("version") VALUES ($1) RETURNING "version"[0m  [["version", "20180207212824"]]
  [1m[35m (2.4ms)[0m  [1m[35mCOMMIT[0m
Migrating to CreateMovieroles (20180207235505)
  [1m[35m (0.3ms)[0m  [1m[35mBEGIN[0m
  [1m[35m (16.5ms)[0m  [1m[35mCREATE TABLE "movieroles" ("id" bigserial primary key, "role" character varying, "roledesc" character varying, "user_id" integer, "movie_id" integer, "created_at" timestamp NOT NULL, "updated_at" timestamp NOT NULL)[0m
  [1m[36mActiveRecord::SchemaMigration Create (0.4ms)[0m  [1m[32mINSERT INTO "schema_migrations" ("version") VALUES ($1) RETURNING "version"[0m  [["version", "20180207235505"]]
  [1m[35m (2.4ms)[0m  [1m[35mCOMMIT[0m
Migrating to CreateRelationships (20180611172922)
  [1m[35m (0.2ms)[0m  [1m[35mBEGIN[0m
  [1m[35m (7.6ms)[0m  [1m[35mCREATE TABLE "relationships" ("id" bigserial primary key, "follower_id" integer, "followed_id" integer, "created_at" timestamp NOT NULL, "updated_at" timestamp NOT NULL)[0m
  [1m[35m (5.8ms)[0m  [1m[35mCREATE  INDEX  "index_relationships_on_follower_id" ON "relationships"  ("follower_id")[0m
  [1m[35m (5.9ms)[0m  [1m[35mCREATE  INDEX  "index_relationships_on_followed_id" ON "relationships"  ("followed_id")[0m
  [1m[35m (5.7ms)[0m  [1m[35mCREATE UNIQUE INDEX  "index_relationships_on_follower_id_and_followed_id" ON "relationships"  ("follower_id", "followed_id")[0m
  [1m[36mActiveRecord::SchemaMigration Create (0.4ms)[0m  [1m[32mINSERT INTO "schema_migrations" ("version") VALUES ($1) RETURNING "version"[0m  [["version", "20180611172922"]]
  [1m[35m (2.5ms)[0m  [1m[35mCOMMIT[0m
Migrating to AddImportanceOfCharacterToPhases (20180704045638)
  [1m[35m (0.2ms)[0m  [1m[35mBEGIN[0m
  [1m[35m (0.5ms)[0m  [1m[35mALTER TABLE "phases" ADD "CharacterImportance" character varying[0m
  [1m[36mActiveRecord::SchemaMigration Create (0.6ms)[0m  [1m[32mINSERT INTO "schema_migrations" ("version") VALUES ($1) RETURNING "version"[0m  [["version", "20180704045638"]]
  [1m[35m (2.8ms)[0m  [1m[35mCOMMIT[0m
Migrating to AddWhyClassyToPhases (20180709185134)
  [1m[35m (0.4ms)[0m  [1m[35mBEGIN[0m
  [1m[35m (0.7ms)[0m  [1m[35mALTER TABLE "phases" ADD "why_classy" character varying[0m
  [1m[36mActiveRecord::SchemaMigration Create (0.6ms)[0m  [1m[32mINSERT INTO "schema_migrations" ("version") VALUES ($1) RETURNING "version"[0m  [["version", "20180709185134"]]
  [1m[35m (3.1ms)[0m  [1m[35mCOMMIT[0m
Migrating to RemoveCharacterImportanceFromPhases (20180709194520)
  [1m[35m (0.3ms)[0m  [1m[35mBEGIN[0m
  [1m[35m (0.6ms)[0m  [1m[35mALTER TABLE "phases" DROP COLUMN "CharacterImportance"[0m
  [1m[36mActiveRecord::SchemaMigration Create (0.4ms)[0m  [1m[32mINSERT INTO "schema_migrations" ("version") VALUES ($1) RETURNING "version"[0m  [["version", "20180709194520"]]
  [1m[35m (2.6ms)[0m  [1m[35mCOMMIT[0m
Migrating to AddYoutubeToPhases (20180723191624)
  [1m[35m (0.3ms)[0m  [1m[35mBEGIN[0m
  [1m[35m (0.5ms)[0m  [1m[35mALTER TABLE "phases" ADD "youtube" character varying[0m
  [1m[36mActiveRecord::SchemaMigration Create (0.5ms)[0m  [1m[32mINSERT INTO "schema_migrations" ("version") VALUES ($1) RETURNING "version"[0m  [["version", "20180723191624"]]
  [1m[35m (2.3ms)[0m  [1m[35mCOMMIT[0m
Migrating to AddUploadersToMerchandises (20180806192730)
  [1m[35m (0.3ms)[0m  [1m[35mBEGIN[0m
  [1m[35m (0.9ms)[0m  [1m[35mALTER TABLE "merchandises" ADD "podcast" character varying[0m
  [1m[35m (0.8ms)[0m  [1m[35mALTER TABLE "merchandises" ADD "video" character varying[0m
  [1m[35m (0.8ms)[0m  [1m[35mALTER TABLE "merchandises" ADD "graphic" character varying[0m
  [1m[35m (0.5ms)[0m  [1m[35mALTER TABLE "merchandises" ADD "bookepub" character varying[0m
  [1m[35m (0.5ms)[0m  [1m[35mALTER TABLE "merchandises" ADD "bookmobi" character varying[0m
  [1m[35m (0.5ms)[0m  [1m[35mALTER TABLE "merchandises" ADD "bookpdf" character varying[0m
  [1m[36mActiveRecord::SchemaMigration Create (0.6ms)[0m  [1m[32mINSERT INTO "schema_migrations" ("version") VALUES ($1) RETURNING "version"[0m  [["version", "20180806192730"]]
  [1m[35m (2.7ms)[0m  [1m[35mCOMMIT[0m
Migrating to ChangeColumnPhaseidToUseridFromAgreements (20180823191417)
  [1m[35m (0.2ms)[0m  [1m[35mBEGIN[0m
  [1m[35m (0.4ms)[0m  [1m[35mALTER TABLE "agreements" RENAME COLUMN "phase_id" TO "user_id"[0m
  [1m[36mActiveRecord::SchemaMigration Create (0.4ms)[0m  [1m[32mINSERT INTO "schema_migrations" ("version") VALUES ($1) RETURNING "version"[0m  [["version", "20180823191417"]]
  [1m[35m (2.8ms)[0m  [1m[35mCOMMIT[0m
Migrating to RemovePhaseIdFromMerchandise (20180823212857)
  [1m[35m (0.3ms)[0m  [1m[35mBEGIN[0m
  [1m[35m (0.6ms)[0m  [1m[35mALTER TABLE "merchandises" DROP COLUMN "phase_id"[0m
  [1m[36mActiveRecord::SchemaMigration Create (0.4ms)[0m  [1m[32mINSERT INTO "schema_migrations" ("version") VALUES ($1) RETURNING "version"[0m  [["version", "20180823212857"]]
  [1m[35m (2.5ms)[0m  [1m[35mCOMMIT[0m
Migrating to AddExpirationToMerchandises (20180823230813)
  [1m[35m (0.5ms)[0m  [1m[35mBEGIN[0m
  [1m[35m (0.9ms)[0m  [1m[35mALTER TABLE "merchandises" ADD "expiration" timestamp[0m
  [1m[36mActiveRecord::SchemaMigration Create (0.7ms)[0m  [1m[32mINSERT INTO "schema_migrations" ("version") VALUES ($1) RETURNING "version"[0m  [["version", "20180823230813"]]
  [1m[35m (3.2ms)[0m  [1m[35mCOMMIT[0m
Migrating to AddEmailToPurchases (20181029234711)
  [1m[35m (0.3ms)[0m  [1m[35mBEGIN[0m
  [1m[35m (0.7ms)[0m  [1m[35mALTER TABLE "purchases" ADD "email" character varying[0m
  [1m[36mActiveRecord::SchemaMigration Create (0.5ms)[0m  [1m[32mINSERT INTO "schema_migrations" ("version") VALUES ($1) RETURNING "version"[0m  [["version", "20181029234711"]]
  [1m[35m (2.6ms)[0m  [1m[35mCOMMIT[0m
Migrating to AddEmailToRsvpqs (20181029234726)
  [1m[35m (0.2ms)[0m  [1m[35mBEGIN[0m
  [1m[35m (6.3ms)[0m  [1m[35mALTER TABLE "rsvpqs" ADD "email" character varying[0m
  [1m[36mActiveRecord::SchemaMigration Create (0.7ms)[0m  [1m[32mINSERT INTO "schema_migrations" ("version") VALUES ($1) RETURNING "version"[0m  [["version", "20181029234726"]]
  [1m[35m (2.8ms)[0m  [1m[35mCOMMIT[0m
Migrating to ChangeBookpdfToMerchpdf (20181106191725)
  [1m[35m (1.2ms)[0m  [1m[35mBEGIN[0m
  [1m[35m (0.9ms)[0m  [1m[35mALTER TABLE "merchandises" RENAME COLUMN "bookpdf" TO "merchpdf"[0m
  [1m[36mActiveRecord::SchemaMigration Create (0.8ms)[0m  [1m[32mINSERT INTO "schema_migrations" ("version") VALUES ($1) RETURNING "version"[0m  [["version", "20181106191725"]]
  [1m[35m (2.6ms)[0m  [1m[35mCOMMIT[0m
Migrating to ChangeBookmobiToMerchmobi (20181106192013)
  [1m[35m (0.4ms)[0m  [1m[35mBEGIN[0m
  [1m[35m (0.5ms)[0m  [1m[35mALTER TABLE "merchandises" RENAME COLUMN "bookmobi" TO "merchmobi"[0m
  [1m[36mActiveRecord::SchemaMigration Create (0.5ms)[0m  [1m[32mINSERT INTO "schema_migrations" ("version") VALUES ($1) RETURNING "version"[0m  [["version", "20181106192013"]]
  [1m[35m (2.6ms)[0m  [1m[35mCOMMIT[0m
Migrating to ChangeBookepubToMerchepub (20181106192048)
  [1m[35m (0.2ms)[0m  [1m[35mBEGIN[0m
  [1m[35m (0.4ms)[0m  [1m[35mALTER TABLE "merchandises" RENAME COLUMN "bookepub" TO "merchepub"[0m
  [1m[36mActiveRecord::SchemaMigration Create (0.5ms)[0m  [1m[32mINSERT INTO "schema_migrations" ("version") VALUES ($1) RETURNING "version"[0m  [["version", "20181106192048"]]
  [1m[35m (3.0ms)[0m  [1m[35mCOMMIT[0m
Migrating to ChangePodcastToAudio (20181106192145)
  [1m[35m (0.3ms)[0m  [1m[35mBEGIN[0m
  [1m[35m (0.6ms)[0m  [1m[35mALTER TABLE "merchandises" RENAME COLUMN "podcast" TO "audio"[0m
  [1m[36mActiveRecord::SchemaMigration Create (0.4ms)[0m  [1m[32mINSERT INTO "schema_migrations" ("version") VALUES ($1) RETURNING "version"[0m  [["version", "20181106192145"]]
  [1m[35m (2.7ms)[0m  [1m[35mCOMMIT[0m
Migrating to AddImageCropToMerchandises (20181114054738)
  [1m[35m (0.3ms)[0m  [1m[35mBEGIN[0m
  [1m[35m (0.5ms)[0m  [1m[35mALTER TABLE "merchandises" ADD "itempic_crop_x" integer[0m
  [1m[35m (0.4ms)[0m  [1m[35mALTER TABLE "merchandises" ADD "itempic_crop_y" integer[0m
  [1m[35m (0.5ms)[0m  [1m[35mALTER TABLE "merchandises" ADD "itempic_crop_w" integer[0m
  [1m[35m (0.5ms)[0m  [1m[35mALTER TABLE "merchandises" ADD "itempic_crop_h" integer[0m
  [1m[36mActiveRecord::SchemaMigration Create (0.4ms)[0m  [1m[32mINSERT INTO "schema_migrations" ("version") VALUES ($1) RETURNING "version"[0m  [["version", "20181114054738"]]
  [1m[35m (2.2ms)[0m  [1m[35mCOMMIT[0m
Migrating to AddMerchgenreToMerchandises (20181114055226)
  [1m[35m (0.2ms)[0m  [1m[35mBEGIN[0m
  [1m[35m (0.3ms)[0m  [1m[35mALTER TABLE "merchandises" ADD "merchgenre" character varying[0m
  [1m[36mActiveRecord::SchemaMigration Create (1.8ms)[0m  [1m[32mINSERT INTO "schema_migrations" ("version") VALUES ($1) RETURNING "version"[0m  [["version", "20181114055226"]]
  [1m[35m (2.4ms)[0m  [1m[35mCOMMIT[0m
Migrating to ChangeMerchgenreToButtontype (20181115211337)
  [1m[35m (0.2ms)[0m  [1m[35mBEGIN[0m
  [1m[35m (0.5ms)[0m  [1m[35mALTER TABLE "merchandises" RENAME COLUMN "merchgenre" TO "buttontype"[0m
  [1m[36mActiveRecord::SchemaMigration Create (0.3ms)[0m  [1m[32mINSERT INTO "schema_migrations" ("version") VALUES ($1) RETURNING "version"[0m  [["version", "20181115211337"]]
  [1m[35m (2.7ms)[0m  [1m[35mCOMMIT[0m
Migrating to DropPhaseTable (20181211195718)
  [1m[35m (0.3ms)[0m  [1m[35mBEGIN[0m
  [1m[35m (1.2ms)[0m  [1m[35mDROP TABLE "phases"[0m
  [1m[36mActiveRecord::SchemaMigration Create (0.5ms)[0m  [1m[32mINSERT INTO "schema_migrations" ("version") VALUES ($1) RETURNING "version"[0m  [["version", "20181211195718"]]
  [1m[35m (3.6ms)[0m  [1m[35mCOMMIT[0m
Migrating to RemoveBookfilesFromUsers (201309200000000)
  [1m[35m (0.2ms)[0m  [1m[35mBEGIN[0m
  [1m[35m (0.6ms)[0m  [1m[35mALTER TABLE "users" DROP COLUMN "bookmobi"[0m
  [1m[35m (0.5ms)[0m  [1m[35mALTER TABLE "users" DROP COLUMN "bookepub"[0m
  [1m[35m (0.4ms)[0m  [1m[35mALTER TABLE "users" DROP COLUMN "bookkobo"[0m
  [1m[36mActiveRecord::SchemaMigration Create (0.3ms)[0m  [1m[32mINSERT INTO "schema_migrations" ("version") VALUES ($1) RETURNING "version"[0m  [["version", "201309200000000"]]
  [1m[35m (2.3ms)[0m  [1m[35mCOMMIT[0m
  [1m[36mActiveRecord::InternalMetadata Load (0.7ms)[0m  [1m[34mSELECT  "ar_internal_metadata".* FROM "ar_internal_metadata" WHERE "ar_internal_metadata"."key" = $1 LIMIT $2[0m  [["key", "environment"], ["LIMIT", 1]]
  [1m[35m (0.2ms)[0m  [1m[35mBEGIN[0m
  [1m[36mActiveRecord::InternalMetadata Create (0.4ms)[0m  [1m[32mINSERT INTO "ar_internal_metadata" ("key", "value", "created_at", "updated_at") VALUES ($1, $2, $3, $4) RETURNING "key"[0m  [["key", "environment"], ["value", "development"], ["created_at", "2019-05-14 06:14:52.060064"], ["updated_at", "2019-05-14 06:14:52.060064"]]
  [1m[35m (2.8ms)[0m  [1m[35mCOMMIT[0m
  [1m[35m (0.5ms)[0m  [1m[34mSELECT pg_advisory_unlock(7625458502128519500)[0m
  [1m[35m (0.5ms)[0m  [1m[34mSELECT "schema_migrations"."version" FROM "schema_migrations" ORDER BY "schema_migrations"."version" ASC[0m
DEPRECATION WARNING: `secrets.secret_token` is deprecated in favor of `secret_key_base` and will be removed in Rails 6.0. (called from <top (required)> at /home/lamontano/tomatocan/config/environment.rb:7)
  [1m[35m (0.1ms)[0m  [1m[34mSELECT pg_try_advisory_lock(7625458502128519500)[0m
  [1m[35m (0.6ms)[0m  [1m[34mSELECT "schema_migrations"."version" FROM "schema_migrations" ORDER BY "schema_migrations"."version" ASC[0m
Migrating to CreateTimeslots (20190319192653)
  [1m[35m (0.2ms)[0m  [1m[35mBEGIN[0m
  [1m[35m (14.7ms)[0m  [1m[35mCREATE TABLE "timeslots" ("id" bigserial primary key, "user_id" integer, "start_at" timestamp, "end_at" timestamp, "created_at" timestamp NOT NULL, "updated_at" timestamp NOT NULL)[0m
  [1m[36mActiveRecord::SchemaMigration Create (0.3ms)[0m  [1m[32mINSERT INTO "schema_migrations" ("version") VALUES ($1) RETURNING "version"[0m  [["version", "20190319192653"]]
  [1m[35m (2.7ms)[0m  [1m[35mCOMMIT[0m
Migrating to AddInterviewerToEvents (20190322215205)
  [1m[35m (0.1ms)[0m  [1m[35mBEGIN[0m
  [1m[35m (0.8ms)[0m  [1m[35mALTER TABLE "events" ADD "interviewer_id" integer[0m
  [1m[35m (0.4ms)[0m  [1m[35mALTER TABLE "events" ADD "interviewer_name" character varying[0m
  [1m[35m (0.1ms)[0m  [1m[35mALTER TABLE "events" ADD "interviewer_email" character varying[0m
  [1m[36mActiveRecord::SchemaMigration Create (0.1ms)[0m  [1m[32mINSERT INTO "schema_migrations" ("version") VALUES ($1) RETURNING "version"[0m  [["version", "20190322215205"]]
  [1m[35m (2.2ms)[0m  [1m[35mCOMMIT[0m
Migrating to AddGuestsToEvents (20190322215535)
  [1m[35m (0.7ms)[0m  [1m[35mBEGIN[0m
  [1m[35m (1.4ms)[0m  [1m[35mALTER TABLE "events" ADD "guest1_user_id" integer[0m
  [1m[35m (0.8ms)[0m  [1m[35mALTER TABLE "events" ADD "guest1_name" character varying[0m
  [1m[35m (0.8ms)[0m  [1m[35mALTER TABLE "events" ADD "guest1_email" character varying[0m
  [1m[35m (0.7ms)[0m  [1m[35mALTER TABLE "events" ADD "guest2_user_id" integer[0m
  [1m[35m (0.7ms)[0m  [1m[35mALTER TABLE "events" ADD "guest2_name" character varying[0m
  [1m[35m (0.3ms)[0m  [1m[35mALTER TABLE "events" ADD "guest2_email" character varying[0m
  [1m[36mActiveRecord::SchemaMigration Create (0.2ms)[0m  [1m[32mINSERT INTO "schema_migrations" ("version") VALUES ($1) RETURNING "version"[0m  [["version", "20190322215535"]]
  [1m[35m (2.4ms)[0m  [1m[35mCOMMIT[0m
Migrating to RenameInterviewerIdToInterviewerUserId (20190322221102)
  [1m[35m (0.1ms)[0m  [1m[35mBEGIN[0m
  [1m[35m (1.0ms)[0m  [1m[35mALTER TABLE "events" RENAME COLUMN "interviewer_id" TO "interviewer_user_id"[0m
  [1m[36mActiveRecord::SchemaMigration Create (0.2ms)[0m  [1m[32mINSERT INTO "schema_migrations" ("version") VALUES ($1) RETURNING "version"[0m  [["version", "20190322221102"]]
  [1m[35m (2.5ms)[0m  [1m[35mCOMMIT[0m
Migrating to AddGuestAndInterviewerInformationToTimeslots (20190405190200)
  [1m[35m (0.1ms)[0m  [1m[35mBEGIN[0m
  [1m[35m (0.2ms)[0m  [1m[35mALTER TABLE "timeslots" ADD "interviewer_user_id" integer[0m
  [1m[35m (6.0ms)[0m  [1m[35mALTER TABLE "timeslots" ADD "interviewer_name" character varying[0m
  [1m[35m (1.2ms)[0m  [1m[35mALTER TABLE "timeslots" ADD "interviewer_email" character varying[0m
  [1m[35m (1.2ms)[0m  [1m[35mALTER TABLE "timeslots" ADD "guest1_user_id" integer[0m
  [1m[35m (0.7ms)[0m  [1m[35mALTER TABLE "timeslots" ADD "guest1_name" character varying[0m
  [1m[35m (2.3ms)[0m  [1m[35mALTER TABLE "timeslots" ADD "guest1_email" character varying[0m
  [1m[36mActiveRecord::SchemaMigration Create (0.7ms)[0m  [1m[32mINSERT INTO "schema_migrations" ("version") VALUES ($1) RETURNING "version"[0m  [["version", "20190405190200"]]
  [1m[35m (2.7ms)[0m  [1m[35mCOMMIT[0m
Migrating to AddNameToTimeslots (20190416205849)
  [1m[35m (0.2ms)[0m  [1m[35mBEGIN[0m
  [1m[35m (0.3ms)[0m  [1m[35mALTER TABLE "timeslots" ADD "name" character varying[0m
  [1m[36mActiveRecord::SchemaMigration Create (0.3ms)[0m  [1m[32mINSERT INTO "schema_migrations" ("version") VALUES ($1) RETURNING "version"[0m  [["version", "20190416205849"]]
  [1m[35m (2.6ms)[0m  [1m[35mCOMMIT[0m
Migrating to AddShowDurationToTimeslots (20190426225611)
  [1m[35m (0.2ms)[0m  [1m[35mBEGIN[0m
  [1m[35m (0.3ms)[0m  [1m[35mALTER TABLE "timeslots" ADD "show_duration" integer[0m
  [1m[36mActiveRecord::SchemaMigration Create (0.2ms)[0m  [1m[32mINSERT INTO "schema_migrations" ("version") VALUES ($1) RETURNING "version"[0m  [["version", "20190426225611"]]
  [1m[35m (2.6ms)[0m  [1m[35mCOMMIT[0m
  [1m[36mActiveRecord::InternalMetadata Load (1.0ms)[0m  [1m[34mSELECT  "ar_internal_metadata".* FROM "ar_internal_metadata" WHERE "ar_internal_metadata"."key" = $1 LIMIT $2[0m  [["key", "environment"], ["LIMIT", 1]]
  [1m[35m (0.2ms)[0m  [1m[35mBEGIN[0m
  [1m[35m (0.1ms)[0m  [1m[35mCOMMIT[0m
  [1m[35m (0.2ms)[0m  [1m[34mSELECT pg_advisory_unlock(7625458502128519500)[0m
  [1m[35m (0.4ms)[0m  [1m[34mSELECT "schema_migrations"."version" FROM "schema_migrations" ORDER BY "schema_migrations"."version" ASC[0m
DEPRECATION WARNING: `secrets.secret_token` is deprecated in favor of `secret_key_base` and will be removed in Rails 6.0. (called from <top (required)> at /home/lamontano/tomatocan/config/environment.rb:7)
DEPRECATION WARNING: `secrets.secret_token` is deprecated in favor of `secret_key_base` and will be removed in Rails 6.0. (called from <top (required)> at /home/lamontano/tomatocan/config/environment.rb:7)
DEPRECATION WARNING: `secrets.secret_token` is deprecated in favor of `secret_key_base` and will be removed in Rails 6.0. (called from <top (required)> at /home/lamontano/tomatocan/config/environment.rb:7)
DEPRECATION WARNING: Using `Rails::Application` subclass to start the server is deprecated and will be removed in Rails 6.0. Please change `run Crowdpublishtv::Application` to `run Rails.application` in config.ru. (called from require at /home/lamontano/.rbenv/versions/2.6.1/lib/ruby/site_ruby/2.6.0/rubygems/core_ext/kernel_require.rb:54)
Started GET "/" for 127.0.0.1 at 2019-05-22 17:39:23 -0700
  [1m[35m (0.7ms)[0m  [1m[34mSELECT "schema_migrations"."version" FROM "schema_migrations" ORDER BY "schema_migrations"."version" ASC[0m
Processing by StaticPagesController#home as HTML
  Rendering static_pages/home.html.erb within layouts/homepg
  [1m[35m (1.9ms)[0m  [1m[34mSELECT COUNT(*) FROM "events" WHERE (start_at > '2019-05-22 14:39:23.827795')[0m
  [1m[35mCACHE  (0.0ms)[0m  [1m[34mSELECT COUNT(*) FROM "events" WHERE (start_at > '2019-05-22 14:39:23.827795')[0m
  Rendered layouts/_maincalendar.html.erb (9.9ms)
  Rendered static_pages/home.html.erb within layouts/homepg (2931.6ms)
  Rendered application/_favicon.html.erb (2.3ms)
  Rendered layouts/_header.html.erb (1.7ms)
  Rendered layouts/_footer.html.erb (0.4ms)
Completed 200 OK in 3034ms (Views: 3015.1ms | ActiveRecord: 4.2ms)


Started GET "/aboutus" for 127.0.0.1 at 2019-05-22 17:39:35 -0700
Processing by StaticPagesController#aboutus as HTML
  Rendering static_pages/aboutus.html.erb within layouts/application
  Rendered static_pages/aboutus.html.erb within layouts/application (1.2ms)
  Rendered application/_favicon.html.erb (11.8ms)
  Rendered layouts/_header.html.erb (4.7ms)
  Rendered layouts/_footer.html.erb (0.9ms)
Completed 200 OK in 91ms (Views: 85.2ms | ActiveRecord: 0.0ms)


Started GET "/" for 127.0.0.1 at 2019-05-22 17:39:36 -0700
Processing by StaticPagesController#home as HTML
  Rendering static_pages/home.html.erb within layouts/homepg
  [1m[35m (0.9ms)[0m  [1m[34mSELECT COUNT(*) FROM "events" WHERE (start_at > '2019-05-22 14:39:36.865604')[0m
  [1m[35mCACHE  (0.1ms)[0m  [1m[34mSELECT COUNT(*) FROM "events" WHERE (start_at > '2019-05-22 14:39:36.865604')[0m
  Rendered layouts/_maincalendar.html.erb (10.4ms)
  Rendered static_pages/home.html.erb within layouts/homepg (26.3ms)
  Rendered application/_favicon.html.erb (18.7ms)
  Rendered layouts/_header.html.erb (1.4ms)
  Rendered layouts/_footer.html.erb (0.3ms)
Completed 200 OK in 131ms (Views: 122.8ms | ActiveRecord: 1.0ms)


Started GET "/aboutus" for 127.0.0.1 at 2019-05-22 17:39:51 -0700
Processing by StaticPagesController#aboutus as HTML
  Rendering static_pages/aboutus.html.erb within layouts/application
  Rendered static_pages/aboutus.html.erb within layouts/application (1.3ms)
  Rendered application/_favicon.html.erb (21.4ms)
  Rendered layouts/_header.html.erb (1.7ms)
  Rendered layouts/_footer.html.erb (0.4ms)
Completed 200 OK in 138ms (Views: 135.6ms | ActiveRecord: 0.0ms)


Started GET "/supportourwork" for 127.0.0.1 at 2019-05-22 17:39:52 -0700
Processing by UsersController#supportourwork as HTML
  Rendering users/supportourwork.erb within layouts/application
  [1m[36mUser Load (7.9ms)[0m  [1m[34mSELECT  "users".* FROM "users" WHERE (LENGTH(stripeid) > 10 AND LENGTH(youtube1) > 7) ORDER BY updated_at DESC LIMIT $1 OFFSET $2[0m  [["LIMIT", 24], ["OFFSET", 0]]
  Rendered users/supportourwork.erb within layouts/application (136.9ms)
  Rendered application/_favicon.html.erb (3.2ms)
  Rendered layouts/_header.html.erb (2.4ms)
  Rendered layouts/_footer.html.erb (0.5ms)
Completed 200 OK in 190ms (Views: 158.4ms | ActiveRecord: 25.3ms)


Started GET "/faq" for 127.0.0.1 at 2019-05-22 17:39:55 -0700
Processing by StaticPagesController#faq as HTML
  Rendering static_pages/faq.html.erb within layouts/application
  Rendered static_pages/faq.html.erb within layouts/application (2.6ms)
  Rendered application/_favicon.html.erb (11.9ms)
  Rendered layouts/_header.html.erb (1.5ms)
  Rendered layouts/_footer.html.erb (0.4ms)
Completed 200 OK in 74ms (Views: 71.0ms | ActiveRecord: 0.0ms)


Started GET "/" for 127.0.0.1 at 2019-05-22 17:40:06 -0700
Processing by StaticPagesController#home as HTML
  Rendering static_pages/home.html.erb within layouts/homepg
  [1m[35m (0.3ms)[0m  [1m[34mSELECT COUNT(*) FROM "events" WHERE (start_at > '2019-05-22 14:40:06.596333')[0m
  [1m[35mCACHE  (0.0ms)[0m  [1m[34mSELECT COUNT(*) FROM "events" WHERE (start_at > '2019-05-22 14:40:06.596333')[0m
  Rendered layouts/_maincalendar.html.erb (2.0ms)
  Rendered static_pages/home.html.erb within layouts/homepg (4.6ms)
  Rendered application/_favicon.html.erb (7.9ms)
  Rendered layouts/_header.html.erb (3.6ms)
  Rendered layouts/_footer.html.erb (0.4ms)
Completed 200 OK in 61ms (Views: 59.3ms | ActiveRecord: 0.3ms)


Started GET "/" for 127.0.0.1 at 2019-05-22 17:40:08 -0700
Processing by StaticPagesController#home as HTML
  Rendering static_pages/home.html.erb within layouts/homepg
  [1m[35m (2.8ms)[0m  [1m[34mSELECT COUNT(*) FROM "events" WHERE (start_at > '2019-05-22 14:40:08.035215')[0m
  [1m[35mCACHE  (0.1ms)[0m  [1m[34mSELECT COUNT(*) FROM "events" WHERE (start_at > '2019-05-22 14:40:08.035215')[0m
  Rendered layouts/_maincalendar.html.erb (19.8ms)
  Rendered static_pages/home.html.erb within layouts/homepg (32.4ms)
  Rendered application/_favicon.html.erb (24.2ms)
  Rendered layouts/_header.html.erb (4.9ms)
  Rendered layouts/_footer.html.erb (1.5ms)
Completed 200 OK in 131ms (Views: 123.9ms | ActiveRecord: 2.9ms)


Started GET "/login" for 127.0.0.1 at 2019-05-22 17:40:10 -0700
Processing by Devise::SessionsController#new as HTML
  Rendering devise/sessions/new.html.erb within layouts/application
  Rendered devise/shared/_links.erb (0.8ms)
  Rendered devise/sessions/new.html.erb within layouts/application (36.1ms)
  Rendered application/_favicon.html.erb (10.4ms)
  Rendered layouts/_header.html.erb (1.4ms)
  Rendered layouts/_footer.html.erb (0.4ms)
Completed 200 OK in 132ms (Views: 116.9ms | ActiveRecord: 0.0ms)


Started GET "/signup" for 127.0.0.1 at 2019-05-22 17:40:23 -0700
Processing by Devise::RegistrationsController#new as HTML
  Rendering devise/registrations/new.html.erb within layouts/application
  Rendered layouts/_flash_messages.html.erb (0.5ms)
  Rendered devise/registrations/new.html.erb within layouts/application (5.5ms)
  Rendered application/_favicon.html.erb (7.6ms)
  Rendered layouts/_header.html.erb (1.5ms)
  Rendered layouts/_footer.html.erb (0.3ms)
Completed 200 OK in 74ms (Views: 70.9ms | ActiveRecord: 0.0ms)


Started POST "/users" for 127.0.0.1 at 2019-05-22 17:41:29 -0700
Processing by UsersController#create as HTML
  Parameters: {"utf8"=>"✓", "authenticity_token"=>"tgjAl/8JS+vE0OvSFKSQRZVxMAeh7Jp1r6eK6NZb3hzvitoYedjA8g7F9XvYQWUXwi8e55Sr8nCuUPVQ2bh5TQ==", "user"=>{"name"=>"lolos", "email"=>"lalo@gmail.com", "permalink"=>"lolo", "password"=>"[FILTERED]", "password_confirmation"=>"[FILTERED]"}, "commit"=>"Sign Up"}
  [1m[35m (0.3ms)[0m  [1m[35mBEGIN[0m
  [1m[36mUser Exists (0.4ms)[0m  [1m[34mSELECT  1 AS one FROM "users" WHERE LOWER("users"."email") = LOWER($1) LIMIT $2[0m  [["email", "lalo@gmail.com"], ["LIMIT", 1]]
  [1m[36mUser Exists (0.9ms)[0m  [1m[34mSELECT  1 AS one FROM "users" WHERE LOWER("users"."permalink") = LOWER($1) LIMIT $2[0m  [["permalink", "lolo"], ["LIMIT", 1]]
  [1m[35m (0.5ms)[0m  [1m[31mROLLBACK[0m
Redirected to http://localhost:3000/signup
Completed 302 Found in 75ms (ActiveRecord: 3.0ms)


Started GET "/signup" for 127.0.0.1 at 2019-05-22 17:41:29 -0700
Processing by Devise::RegistrationsController#new as HTML
  Rendering devise/registrations/new.html.erb within layouts/application
  Rendered layouts/_flash_messages.html.erb (2.1ms)
  Rendered devise/registrations/new.html.erb within layouts/application (7.2ms)
  Rendered application/_favicon.html.erb (8.5ms)
  Rendered layouts/_header.html.erb (1.5ms)
  Rendered layouts/_footer.html.erb (0.4ms)
Completed 200 OK in 83ms (Views: 82.6ms | ActiveRecord: 0.0ms)


Started GET "/supportourwork" for 127.0.0.1 at 2019-05-22 17:41:51 -0700
Processing by UsersController#supportourwork as HTML
  Rendering users/supportourwork.erb within layouts/application
  [1m[36mUser Load (1.7ms)[0m  [1m[34mSELECT  "users".* FROM "users" WHERE (LENGTH(stripeid) > 10 AND LENGTH(youtube1) > 7) ORDER BY updated_at DESC LIMIT $1 OFFSET $2[0m  [["LIMIT", 24], ["OFFSET", 0]]
  Rendered users/supportourwork.erb within layouts/application (8.7ms)
  Rendered application/_favicon.html.erb (11.6ms)
  Rendered layouts/_header.html.erb (3.4ms)
  Rendered layouts/_footer.html.erb (0.6ms)
Completed 200 OK in 120ms (Views: 111.8ms | ActiveRecord: 1.7ms)


Started GET "/user1" for 127.0.0.1 at 2019-05-22 17:41:55 -0700
Processing by UsersController#show as HTML
  Parameters: {"permalink"=>"user1"}
  [1m[36mUser Load (0.7ms)[0m  [1m[34mSELECT  "users".* FROM "users" WHERE "users"."permalink" = $1 LIMIT $2[0m  [["permalink", "user1"], ["LIMIT", 1]]
  [1m[36mMerchandise Exists (0.5ms)[0m  [1m[34mSELECT  1 AS one FROM "merchandises" WHERE "merchandises"."user_id" = $1 LIMIT $2[0m  [["user_id", 1], ["LIMIT", 1]]
DEPRECATION WARNING: Dangerous query method (method whose arguments are used as raw SQL) called with non-attribute argument(s): "deadline IS NULL, deadline ASC". Non-attribute arguments will be disallowed in Rails 6.0. This method should not be called with user-provided values, such as request parameters or model attributes. Known-safe values can be passed by wrapping them in Arel.sql(). (called from set_user at /home/lamontano/tomatocan/app/controllers/users_controller.rb:258)
  [1m[36mMerchandise Load (0.7ms)[0m  [1m[34mSELECT "merchandises".* FROM "merchandises" WHERE "merchandises"."user_id" = $1 AND (deadline >= '2019-05-22' OR deadline IS NULL) ORDER BY deadline IS NULL, deadline ASC[0m  [["user_id", 1]]
  [1m[36mCACHE Merchandise Load (0.0ms)[0m  [1m[34mSELECT "merchandises".* FROM "merchandises" WHERE "merchandises"."user_id" = $1 AND (deadline >= '2019-05-22' OR deadline IS NULL) ORDER BY deadline IS NULL, deadline ASC[0m  [["user_id", 1]]
  Rendering users/show.html.erb within layouts/userpgtemplate
  Rendered layouts/_authorform.html.erb (5.1ms)
  Rendered layouts/_streamButton.html.erb (2.1ms)
  Rendered layouts/_merchsidebar.html.erb (4.6ms)
  Rendered layouts/_youtube.html.erb (0.6ms)
  Rendered users/show.html.erb within layouts/userpgtemplate (16.8ms)
  Rendered application/_favicon.html.erb (4.8ms)
  Rendered layouts/_header.html.erb (1.1ms)
  Rendered layouts/_footer.html.erb (0.4ms)
Completed 200 OK in 163ms (Views: 67.2ms | ActiveRecord: 6.0ms)


Started GET "/purchases/new?merchandise_id=980190962" for 127.0.0.1 at 2019-05-22 17:42:02 -0700
Processing by PurchasesController#new as HTML
  Parameters: {"authenticity_token"=>"pdcdTV/a+qFNkq0EFJP4sW3SWq0u2+Vx5/Hcb3ZEuCv8VQfC2QtxuIeHs63Ydg3jOox0TRucjXTmBqPXeacfeg==", "merchandise_id"=>"980190962"}
  [1m[36mMerchandise Load (0.5ms)[0m  [1m[34mSELECT  "merchandises".* FROM "merchandises" WHERE "merchandises"."id" = $1 LIMIT $2[0m  [["id", 980190962], ["LIMIT", 1]]
  Rendering purchases/new.html.erb within layouts/application
  Rendered purchases/new.html.erb within layouts/application (6.9ms)
  Rendered application/_favicon.html.erb (7.6ms)
  Rendered layouts/_header.html.erb (2.4ms)
  Rendered layouts/_footer.html.erb (0.5ms)
Completed 200 OK in 91ms (Views: 64.4ms | ActiveRecord: 3.2ms)


DEPRECATION WARNING: `secrets.secret_token` is deprecated in favor of `secret_key_base` and will be removed in Rails 6.0. (called from <top (required)> at /home/lamontano/tomatocan/config/environment.rb:7)
DEPRECATION WARNING: Using `Rails::Application` subclass to start the server is deprecated and will be removed in Rails 6.0. Please change `run Crowdpublishtv::Application` to `run Rails.application` in config.ru. (called from require at /home/lamontano/.rbenv/versions/2.6.1/lib/ruby/site_ruby/2.6.0/rubygems/core_ext/kernel_require.rb:54)
